<?xml version="1.0" encoding="UTF-8"?>
<coverage generated="1646407467397" clover="3.2.0">
  <project timestamp="1646407467397" name="All files">
    <metrics statements="28" coveredstatements="26" conditionals="8" coveredconditionals="7" methods="5" coveredmethods="5" elements="41" coveredelements="38" complexity="0" loc="28" ncloc="28" packages="2" files="2" classes="2"/>
    <package name="components.GenerateInput">
      <metrics statements="6" coveredstatements="6" conditionals="4" coveredconditionals="4" methods="1" coveredmethods="1"/>
      <file name="helper.ts" path="/home/tungnt3/Workspace/vite/tiki-hometest/src/components/GenerateInput/helper.ts">
        <metrics statements="6" coveredstatements="6" conditionals="4" coveredconditionals="4" methods="1" coveredmethods="1"/>
        <line num="1" count="1" type="stmt"/>
        <line num="2" count="3" type="cond" truecount="1" falsecount="0"/>
        <line num="3" count="1" type="stmt"/>
        <line num="5" count="2" type="cond" truecount="3" falsecount="0"/>
        <line num="6" count="1" type="stmt"/>
        <line num="8" count="1" type="stmt"/>
      </file>
    </package>
    <package name="hooks.useGenerateMatrix">
      <metrics statements="22" coveredstatements="20" conditionals="4" coveredconditionals="3" methods="4" coveredmethods="4"/>
      <file name="helper.ts" path="/home/tungnt3/Workspace/vite/tiki-hometest/src/hooks/useGenerateMatrix/helper.ts">
        <metrics statements="22" coveredstatements="20" conditionals="4" coveredconditionals="3" methods="4" coveredmethods="4"/>
        <line num="1" count="1" type="stmt"/>
        <line num="2" count="7" type="stmt"/>
        <line num="4" count="1" type="stmt"/>
        <line num="5" count="3" type="cond" truecount="2" falsecount="0"/>
        <line num="6" count="2" type="stmt"/>
        <line num="7" count="2" type="stmt"/>
        <line num="8" count="2" type="stmt"/>
        <line num="9" count="4" type="stmt"/>
        <line num="10" count="2" type="stmt"/>
        <line num="11" count="2" type="stmt"/>
        <line num="12" count="4" type="stmt"/>
        <line num="13" count="4" type="stmt"/>
        <line num="14" count="4" type="cond" truecount="0" falsecount="1"/>
        <line num="15" count="0" type="stmt"/>
        <line num="18" count="2" type="stmt"/>
        <line num="19" count="2" type="stmt"/>
        <line num="20" count="4" type="stmt"/>
        <line num="21" count="4" type="stmt"/>
        <line num="22" count="4" type="cond" truecount="1" falsecount="0"/>
        <line num="23" count="2" type="stmt"/>
        <line num="26" count="0" type="stmt"/>
        <line num="29" count="1" type="stmt"/>
      </file>
    </package>
  </project>
</coverage>
