{"/home/tungnt3/Workspace/vite/tiki-hometest/src/components/GenerateInput/helper.ts": {"path":"/home/tungnt3/Workspace/vite/tiki-hometest/src/components/GenerateInput/helper.ts","statementMap":{"0":{"start":{"line":1,"column":33},"end":{"line":9,"column":1}},"1":{"start":{"line":2,"column":2},"end":{"line":4,"column":null}},"2":{"start":{"line":3,"column":4},"end":{"line":3,"column":42}},"3":{"start":{"line":5,"column":2},"end":{"line":7,"column":null}},"4":{"start":{"line":6,"column":4},"end":{"line":6,"column":68}},"5":{"start":{"line":8,"column":2},"end":{"line":8,"column":12}},"6":{"start":{"line":1,"column":13},"end":{"line":1,"column":33}}},"fnMap":{"0":{"name":"(anonymous_0)","decl":{"start":{"line":1,"column":33},"end":{"line":1,"column":34}},"loc":{"start":{"line":1,"column":51},"end":{"line":9,"column":1}}}},"branchMap":{"0":{"loc":{"start":{"line":2,"column":2},"end":{"line":4,"column":null}},"type":"if","locations":[{"start":{"line":2,"column":2},"end":{"line":4,"column":null}}]},"1":{"loc":{"start":{"line":5,"column":2},"end":{"line":7,"column":null}},"type":"if","locations":[{"start":{"line":5,"column":2},"end":{"line":7,"column":null}}]},"2":{"loc":{"start":{"line":5,"column":6},"end":{"line":5,"column":45}},"type":"binary-expr","locations":[{"start":{"line":5,"column":6},"end":{"line":5,"column":23}},{"start":{"line":5,"column":27},"end":{"line":5,"column":45}}]}},"s":{"0":1,"1":3,"2":1,"3":2,"4":1,"5":1,"6":1},"f":{"0":3},"b":{"0":[1],"1":[1],"2":[2,2]}}
,"/home/tungnt3/Workspace/vite/tiki-hometest/src/hooks/useGenerateMatrix/helper.ts": {"path":"/home/tungnt3/Workspace/vite/tiki-hometest/src/hooks/useGenerateMatrix/helper.ts","statementMap":{"0":{"start":{"line":1,"column":25},"end":{"line":2,"column":42}},"1":{"start":{"line":2,"column":2},"end":{"line":2,"column":42}},"2":{"start":{"line":2,"column":25},"end":{"line":2,"column":37}},"3":{"start":{"line":1,"column":13},"end":{"line":1,"column":25}},"4":{"start":{"line":4,"column":30},"end":{"line":31,"column":1}},"5":{"start":{"line":5,"column":2},"end":{"line":30,"column":null}},"6":{"start":{"line":6,"column":16},"end":{"line":6,"column":17}},"7":{"start":{"line":7,"column":22},"end":{"line":7,"column":23}},"8":{"start":{"line":8,"column":24},"end":{"line":8,"column":33}},"9":{"start":{"line":9,"column":19},"end":{"line":9,"column":67}},"10":{"start":{"line":9,"column":47},"end":{"line":9,"column":66}},"11":{"start":{"line":10,"column":4},"end":{"line":27,"column":null}},"12":{"start":{"line":11,"column":6},"end":{"line":17,"column":null}},"13":{"start":{"line":11,"column":23},"end":{"line":11,"column":24}},"14":{"start":{"line":12,"column":8},"end":{"line":12,"column":16}},"15":{"start":{"line":13,"column":8},"end":{"line":13,"column":43}},"16":{"start":{"line":14,"column":8},"end":{"line":16,"column":null}},"17":{"start":{"line":15,"column":10},"end":{"line":15,"column":35}},"18":{"start":{"line":18,"column":6},"end":{"line":18,"column":23}},"19":{"start":{"line":19,"column":6},"end":{"line":25,"column":null}},"20":{"start":{"line":19,"column":23},"end":{"line":19,"column":31}},"21":{"start":{"line":20,"column":8},"end":{"line":20,"column":16}},"22":{"start":{"line":21,"column":8},"end":{"line":21,"column":43}},"23":{"start":{"line":22,"column":8},"end":{"line":24,"column":null}},"24":{"start":{"line":23,"column":10},"end":{"line":23,"column":35}},"25":{"start":{"line":26,"column":6},"end":{"line":26,"column":23}},"26":{"start":{"line":29,"column":4},"end":{"line":29,"column":14}},"27":{"start":{"line":4,"column":13},"end":{"line":4,"column":30}}},"fnMap":{"0":{"name":"(anonymous_0)","decl":{"start":{"line":1,"column":25},"end":{"line":1,"column":26}},"loc":{"start":{"line":2,"column":2},"end":{"line":2,"column":42}}},"1":{"name":"(anonymous_1)","decl":{"start":{"line":2,"column":15},"end":{"line":2,"column":16}},"loc":{"start":{"line":2,"column":25},"end":{"line":2,"column":37}}},"2":{"name":"(anonymous_2)","decl":{"start":{"line":4,"column":30},"end":{"line":4,"column":31}},"loc":{"start":{"line":4,"column":47},"end":{"line":31,"column":1}}},"3":{"name":"(anonymous_3)","decl":{"start":{"line":9,"column":40},"end":{"line":9,"column":41}},"loc":{"start":{"line":9,"column":47},"end":{"line":9,"column":66}}}},"branchMap":{"0":{"loc":{"start":{"line":5,"column":2},"end":{"line":30,"column":null}},"type":"if","locations":[{"start":{"line":5,"column":2},"end":{"line":30,"column":null}},{"start":{"line":28,"column":9},"end":{"line":30,"column":null}}]},"1":{"loc":{"start":{"line":14,"column":8},"end":{"line":16,"column":null}},"type":"if","locations":[{"start":{"line":14,"column":8},"end":{"line":16,"column":null}}]},"2":{"loc":{"start":{"line":22,"column":8},"end":{"line":24,"column":null}},"type":"if","locations":[{"start":{"line":22,"column":8},"end":{"line":24,"column":null}}]}},"s":{"0":1,"1":3,"2":7,"3":1,"4":1,"5":3,"6":2,"7":2,"8":2,"9":2,"10":4,"11":2,"12":2,"13":2,"14":4,"15":4,"16":4,"17":0,"18":2,"19":2,"20":2,"21":4,"22":4,"23":4,"24":2,"25":0,"26":1,"27":1},"f":{"0":3,"1":7,"2":3,"3":4},"b":{"0":[2,1],"1":[0],"2":[2]}}
}
