{"/home/thuysex/tiki-hometest/src/components/GenerateInput/helper.ts": {"path":"/home/thuysex/tiki-hometest/src/components/GenerateInput/helper.ts","statementMap":{"0":{"start":{"line":1,"column":33},"end":{"line":9,"column":1}},"1":{"start":{"line":2,"column":2},"end":{"line":4,"column":null}},"2":{"start":{"line":3,"column":4},"end":{"line":3,"column":42}},"3":{"start":{"line":5,"column":2},"end":{"line":7,"column":null}},"4":{"start":{"line":6,"column":4},"end":{"line":6,"column":68}},"5":{"start":{"line":8,"column":2},"end":{"line":8,"column":12}},"6":{"start":{"line":1,"column":13},"end":{"line":1,"column":33}}},"fnMap":{"0":{"name":"(anonymous_0)","decl":{"start":{"line":1,"column":33},"end":{"line":1,"column":34}},"loc":{"start":{"line":1,"column":51},"end":{"line":9,"column":1}}}},"branchMap":{"0":{"loc":{"start":{"line":2,"column":2},"end":{"line":4,"column":null}},"type":"if","locations":[{"start":{"line":2,"column":2},"end":{"line":4,"column":null}}]},"1":{"loc":{"start":{"line":5,"column":2},"end":{"line":7,"column":null}},"type":"if","locations":[{"start":{"line":5,"column":2},"end":{"line":7,"column":null}}]},"2":{"loc":{"start":{"line":5,"column":6},"end":{"line":5,"column":45}},"type":"binary-expr","locations":[{"start":{"line":5,"column":6},"end":{"line":5,"column":23}},{"start":{"line":5,"column":27},"end":{"line":5,"column":45}}]}},"s":{"0":1,"1":3,"2":1,"3":2,"4":1,"5":1,"6":1},"f":{"0":3},"b":{"0":[1],"1":[1],"2":[2,2]}}
,"/home/thuysex/tiki-hometest/src/hooks/useGenerateMatrix/helper.ts": {"path":"/home/thuysex/tiki-hometest/src/hooks/useGenerateMatrix/helper.ts","statementMap":{"0":{"start":{"line":1,"column":30},"end":{"line":28,"column":1}},"1":{"start":{"line":2,"column":2},"end":{"line":27,"column":null}},"2":{"start":{"line":3,"column":16},"end":{"line":3,"column":17}},"3":{"start":{"line":4,"column":22},"end":{"line":4,"column":23}},"4":{"start":{"line":5,"column":24},"end":{"line":5,"column":33}},"5":{"start":{"line":6,"column":19},"end":{"line":6,"column":67}},"6":{"start":{"line":6,"column":47},"end":{"line":6,"column":66}},"7":{"start":{"line":7,"column":4},"end":{"line":24,"column":null}},"8":{"start":{"line":8,"column":6},"end":{"line":14,"column":null}},"9":{"start":{"line":8,"column":23},"end":{"line":8,"column":24}},"10":{"start":{"line":9,"column":8},"end":{"line":9,"column":16}},"11":{"start":{"line":10,"column":8},"end":{"line":10,"column":43}},"12":{"start":{"line":11,"column":8},"end":{"line":13,"column":null}},"13":{"start":{"line":12,"column":10},"end":{"line":12,"column":24}},"14":{"start":{"line":15,"column":6},"end":{"line":15,"column":23}},"15":{"start":{"line":16,"column":6},"end":{"line":22,"column":null}},"16":{"start":{"line":16,"column":23},"end":{"line":16,"column":31}},"17":{"start":{"line":17,"column":8},"end":{"line":17,"column":16}},"18":{"start":{"line":18,"column":8},"end":{"line":18,"column":43}},"19":{"start":{"line":19,"column":8},"end":{"line":21,"column":null}},"20":{"start":{"line":20,"column":10},"end":{"line":20,"column":24}},"21":{"start":{"line":23,"column":6},"end":{"line":23,"column":23}},"22":{"start":{"line":26,"column":4},"end":{"line":26,"column":14}},"23":{"start":{"line":1,"column":13},"end":{"line":1,"column":30}}},"fnMap":{"0":{"name":"(anonymous_0)","decl":{"start":{"line":1,"column":30},"end":{"line":1,"column":31}},"loc":{"start":{"line":1,"column":47},"end":{"line":28,"column":1}}},"1":{"name":"(anonymous_1)","decl":{"start":{"line":6,"column":40},"end":{"line":6,"column":41}},"loc":{"start":{"line":6,"column":47},"end":{"line":6,"column":66}}}},"branchMap":{"0":{"loc":{"start":{"line":2,"column":2},"end":{"line":27,"column":null}},"type":"if","locations":[{"start":{"line":2,"column":2},"end":{"line":27,"column":null}},{"start":{"line":25,"column":9},"end":{"line":27,"column":null}}]},"1":{"loc":{"start":{"line":11,"column":8},"end":{"line":13,"column":null}},"type":"if","locations":[{"start":{"line":11,"column":8},"end":{"line":13,"column":null}}]},"2":{"loc":{"start":{"line":19,"column":8},"end":{"line":21,"column":null}},"type":"if","locations":[{"start":{"line":19,"column":8},"end":{"line":21,"column":null}}]}},"s":{"0":1,"1":3,"2":2,"3":2,"4":2,"5":2,"6":4,"7":2,"8":2,"9":2,"10":4,"11":4,"12":4,"13":0,"14":2,"15":2,"16":2,"17":4,"18":4,"19":4,"20":2,"21":0,"22":1,"23":1},"f":{"0":3,"1":4},"b":{"0":[2,1],"1":[0],"2":[2]}}
}
