TN:
SF:src/components/GenerateInput/helper.ts
FN:1,(anonymous_0)
FNF:1
FNH:1
FNDA:3,(anonymous_0)
DA:1,1
DA:2,3
DA:3,1
DA:5,2
DA:6,1
DA:8,1
LF:6
LH:6
BRDA:2,0,0,1
BRDA:5,1,0,1
BRDA:5,2,0,2
BRDA:5,2,1,2
BRF:4
BRH:4
end_of_record
TN:
SF:src/hooks/useGenerateMatrix/helper.ts
FN:1,(anonymous_0)
FN:2,(anonymous_1)
FN:4,(anonymous_2)
FN:9,(anonymous_3)
FNF:4
FNH:4
FNDA:3,(anonymous_0)
FNDA:7,(anonymous_1)
FNDA:3,(anonymous_2)
FNDA:4,(anonymous_3)
DA:1,1
DA:2,7
DA:4,1
DA:5,3
DA:6,2
DA:7,2
DA:8,2
DA:9,4
DA:10,2
DA:11,2
DA:12,4
DA:13,4
DA:14,4
DA:15,0
DA:18,2
DA:19,2
DA:20,4
DA:21,4
DA:22,4
DA:23,2
DA:26,0
DA:29,1
LF:22
LH:20
BRDA:5,0,0,2
BRDA:5,0,1,1
BRDA:14,1,0,0
BRDA:22,2,0,2
BRF:4
BRH:3
end_of_record
