TN:
SF:src/components/GenerateInput/helper.ts
FN:1,(anonymous_0)
FNF:1
FNH:1
FNDA:3,(anonymous_0)
DA:1,1
DA:2,3
DA:3,1
DA:5,2
DA:6,1
DA:8,1
LF:6
LH:6
BRDA:2,0,0,1
BRDA:5,1,0,1
BRDA:5,2,0,2
BRDA:5,2,1,2
BRF:4
BRH:4
end_of_record
TN:
SF:src/hooks/useGenerateMatrix/helper.ts
FN:1,(anonymous_0)
FN:6,(anonymous_1)
FNF:2
FNH:2
FNDA:3,(anonymous_0)
FNDA:4,(anonymous_1)
DA:1,1
DA:2,3
DA:3,2
DA:4,2
DA:5,2
DA:6,4
DA:7,2
DA:8,2
DA:9,4
DA:10,4
DA:11,4
DA:12,0
DA:15,2
DA:16,2
DA:17,4
DA:18,4
DA:19,4
DA:20,2
DA:23,0
DA:26,1
LF:20
LH:18
BRDA:2,0,0,2
BRDA:2,0,1,1
BRDA:11,1,0,0
BRDA:19,2,0,2
BRF:4
BRH:3
end_of_record
